[debug] [2021-08-13T05:10:05.848Z] ----------------------------------------------------------------------
[debug] [2021-08-13T05:10:05.850Z] Command:       /usr/bin/node /usr/local/bin/firebase init
[debug] [2021-08-13T05:10:05.850Z] CLI Version:   9.16.3
[debug] [2021-08-13T05:10:05.850Z] Platform:      linux
[debug] [2021-08-13T05:10:05.850Z] Node Version:  v10.19.0
[debug] [2021-08-13T05:10:05.851Z] Time:          Fri Aug 13 2021 10:40:05 GMT+0530 (India Standard Time)
[debug] [2021-08-13T05:10:05.851Z] ----------------------------------------------------------------------
[debug] 
[debug] [2021-08-13T05:10:05.855Z] > command requires scopes: ["email","openid","https://www.googleapis.com/auth/cloudplatformprojects.readonly","https://www.googleapis.com/auth/firebase","https://www.googleapis.com/auth/cloud-platform"]
[debug] [2021-08-13T05:10:05.855Z] > authorizing via signed-in user (saikumar.avu.78@gmail.com)
[info] 
     ######## #### ########  ######## ########     ###     ######  ########
     ##        ##  ##     ## ##       ##     ##  ##   ##  ##       ##
     ######    ##  ########  ######   ########  #########  ######  ######
     ##        ##  ##    ##  ##       ##     ## ##     ##       ## ##
     ##       #### ##     ## ######## ########  ##     ##  ######  ########

You're about to initialize a Firebase project in this directory:

  /home/saikumaravu/Downloads/cics

[info] 
=== Project Setup
[info] 
[info] First, let's associate this project directory with a Firebase project.
[info] You can create multiple project aliases by running firebase use --add, 
[info] but for now we'll just set up a default project.
[info] 
[debug] [2021-08-13T05:10:34.432Z] >>> [apiv2][query] GET https://firebase.googleapis.com/v1beta1/projects pageSize=100
[debug] [2021-08-13T05:10:35.533Z] <<< [apiv2][status] GET https://firebase.googleapis.com/v1beta1/projects 200
[debug] [2021-08-13T05:10:35.533Z] <<< [apiv2][body] GET https://firebase.googleapis.com/v1beta1/projects [omitted]
[info] i  Using project dummy-check-d8000 (dummy check) 
[info] 
=== Hosting Setup
[info] 
[info] Your public directory is the folder (relative to your project directory) that
[info] will contain Hosting assets to be uploaded with firebase deploy. If you
[info] have a build process for your assets, use your build's output directory.
[info] 
[info] ✔  Wrote public/404.html 
[debug] [2021-08-13T05:12:28.965Z] >>> [apiv2][query] GET https://www.gstatic.com/firebasejs/releases.json [none]
[debug] [2021-08-13T05:12:29.599Z] <<< [apiv2][status] GET https://www.gstatic.com/firebasejs/releases.json 200
[debug] [2021-08-13T05:12:29.599Z] <<< [apiv2][body] GET https://www.gstatic.com/firebasejs/releases.json {"current":{"version":"8.9.1","browserURL":"https://www.gstatic.com/firebasejs/8.9.1/firebase.js","packageURL":"https://www.gstatic.com/firebasejs/8.9.1/firebase.tgz"},"live":{"version":"8.9","browserURL":"https://www.gstatic.com/firebasejs/live/8.9/firebase.js","packageURL":"https://www.gstatic.com/firebasejs/live/8.9/firebase.tgz"},"components":{"analytics":"https://www.gstatic.com/firebasejs/8.9.1/firebase-analytics.js","app":"https://www.gstatic.com/firebasejs/8.9.1/firebase-app.js","app-check":"https://www.gstatic.com/firebasejs/8.9.1/firebase-app-check.js","auth":"https://www.gstatic.com/firebasejs/8.9.1/firebase-auth.js","database":"https://www.gstatic.com/firebasejs/8.9.1/firebase-database.js","firestore":"https://www.gstatic.com/firebasejs/8.9.1/firebase-firestore.js","functions":"https://www.gstatic.com/firebasejs/8.9.1/firebase-functions.js","installations":"https://www.gstatic.com/firebasejs/8.9.1/firebase-installations.js","messaging":"https://www.gstatic.com/firebasejs/8.9.1/firebase-messaging.js","storage":"https://www.gstatic.com/firebasejs/8.9.1/firebase-storage.js","performance":"https://www.gstatic.com/firebasejs/8.9.1/firebase-performance.js","remote-config":"https://www.gstatic.com/firebasejs/8.9.1/firebase-remote-config.js","firestore.memory":"https://www.gstatic.com/firebasejs/8.9.1/firebase-firestore.memory.js"}}
[info] i  Skipping write of public/index.html 
[info] 
[info] i  Didn't detect a .git folder. Assuming /home/saikumaravu/Downloads/cics is the project root. 
[info] i  Authorizing with GitHub to upload your service account to a GitHub repository's secrets store. 
[info] 
[info] Visit this URL on this device to log in:
[info] https://github.com/login/oauth/authorize?client_id=89cf50f02ac6aaed3484&state=611185681&redirect_uri=http%3A%2F%2Flocalhost%3A9005&scope=read%3Auser%20repo%20public_repo
[info] 
[info] Waiting for authentication...
[debug] [2021-08-13T05:12:44.758Z] >>> HTTP REQUEST POST https://github.com/login/oauth/access_token  
 {"client_id":"89cf50f02ac6aaed3484","client_secret":"3330d14abc895d9a74d5f17cd7a00711fa2c5bf0","code":"30ae5c5139add4636c24","redirect_uri":"http://localhost:9005","state":"611185681"}
[debug] [2021-08-13T05:12:45.365Z] <<< HTTP RESPONSE 200 {"server":"GitHub.com","date":"Fri, 13 Aug 2021 05:12:45 GMT","content-type":"application/json; charset=utf-8","transfer-encoding":"chunked","vary":"X-PJAX, Accept-Encoding, Accept, X-Requested-With","permissions-policy":"interest-cohort=()","etag":"W/\"2210f6fcd9044e0e254b417402e2cfa0\"","cache-control":"max-age=0, private, must-revalidate","strict-transport-security":"max-age=31536000; includeSubdomains; preload","x-frame-options":"deny","x-content-type-options":"nosniff","x-xss-protection":"0","referrer-policy":"origin-when-cross-origin, strict-origin-when-cross-origin","expect-ct":"max-age=2592000, report-uri=\"https://api.github.com/_private/browser/errors\"","content-security-policy":"default-src 'none'; base-uri 'self'; block-all-mixed-content; connect-src 'self' uploads.github.com www.githubstatus.com collector.githubapp.com api.github.com github-cloud.s3.amazonaws.com github-production-repository-file-5c1aeb.s3.amazonaws.com github-production-upload-manifest-file-7fdce7.s3.amazonaws.com github-production-user-asset-6210df.s3.amazonaws.com cdn.optimizely.com logx.optimizely.com/v1/events translator.github.com wss://alive.github.com; font-src github.githubassets.com; form-action 'self' github.com gist.github.com; frame-ancestors 'none'; frame-src render.githubusercontent.com render-temp.githubusercontent.com viewscreen.githubusercontent.com; img-src 'self' data: github.githubassets.com identicons.github.com collector.githubapp.com github-cloud.s3.amazonaws.com secured-user-images.githubusercontent.com/ *.githubusercontent.com; manifest-src 'self'; media-src 'none'; script-src github.githubassets.com; style-src 'unsafe-inline' github.githubassets.com; worker-src github.com/socket-worker-3f088aa2.js gist.github.com/socket-worker-3f088aa2.js","x-github-request-id":"B0CC:73DA:9347CC:A24157:6115FF4D"}
[debug] [2021-08-13T05:12:45.374Z] >>> [apiv2][query] GET https://api.github.com/user [none]
[debug] [2021-08-13T05:12:46.183Z] <<< [apiv2][status] GET https://api.github.com/user 200
[debug] [2021-08-13T05:12:46.184Z] <<< [apiv2][body] GET https://api.github.com/user {"login":"saikumar7878","id":50083513,"node_id":"MDQ6VXNlcjUwMDgzNTEz","avatar_url":"https://avatars.githubusercontent.com/u/50083513?v=4","gravatar_id":"","url":"https://api.github.com/users/saikumar7878","html_url":"https://github.com/saikumar7878","followers_url":"https://api.github.com/users/saikumar7878/followers","following_url":"https://api.github.com/users/saikumar7878/following{/other_user}","gists_url":"https://api.github.com/users/saikumar7878/gists{/gist_id}","starred_url":"https://api.github.com/users/saikumar7878/starred{/owner}{/repo}","subscriptions_url":"https://api.github.com/users/saikumar7878/subscriptions","organizations_url":"https://api.github.com/users/saikumar7878/orgs","repos_url":"https://api.github.com/users/saikumar7878/repos","events_url":"https://api.github.com/users/saikumar7878/events{/privacy}","received_events_url":"https://api.github.com/users/saikumar7878/received_events","type":"User","site_admin":false,"name":"sai kumar","company":null,"blog":"","location":null,"email":null,"hireable":null,"bio":null,"twitter_username":null,"public_repos":13,"public_gists":0,"followers":0,"following":0,"created_at":"2019-04-28T18:24:34Z","updated_at":"2021-07-30T06:54:13Z","private_gists":0,"total_private_repos":0,"owned_private_repos":0,"disk_usage":58344,"collaborators":0,"two_factor_authentication":false,"plan":{"name":"free","space":976562499,"collaborators":0,"private_repos":10000}}
[info] 
[info] ✔  Success! Logged into GitHub as saikumar7878 
[info] 
